c:\users\rodri\desktop\videojuegoentornos\videojuegoentornos\x64\debug\vc143.pdb
c:\users\rodri\desktop\videojuegoentornos\videojuegoentornos\x64\debug\vc143.idb
c:\users\rodri\desktop\videojuegoentornos\videojuegoentornos\x64\debug\videojuegoentornos.obj
c:\users\rodri\desktop\videojuegoentornos\videojuegoentornos\x64\debug\videojuegoentornos.ilk
c:\users\rodri\desktop\videojuegoentornos\x64\debug\videojuegoentornos.pdb
c:\users\rodri\desktop\videojuegoentornos\videojuegoentornos\x64\debug\videojue.630fe7ad.tlog\cl.command.1.tlog
c:\users\rodri\desktop\videojuegoentornos\videojuegoentornos\x64\debug\videojue.630fe7ad.tlog\cl.items.tlog
c:\users\rodri\desktop\videojuegoentornos\videojuegoentornos\x64\debug\videojue.630fe7ad.tlog\cl.read.1.tlog
c:\users\rodri\desktop\videojuegoentornos\videojuegoentornos\x64\debug\videojue.630fe7ad.tlog\cl.write.1.tlog
c:\users\rodri\desktop\videojuegoentornos\videojuegoentornos\x64\debug\videojue.630fe7ad.tlog\link-cvtres.read.1.tlog
c:\users\rodri\desktop\videojuegoentornos\videojuegoentornos\x64\debug\videojue.630fe7ad.tlog\link-cvtres.write.1.tlog
c:\users\rodri\desktop\videojuegoentornos\videojuegoentornos\x64\debug\videojue.630fe7ad.tlog\link-rc.read.1.tlog
c:\users\rodri\desktop\videojuegoentornos\videojuegoentornos\x64\debug\videojue.630fe7ad.tlog\link-rc.write.1.tlog
c:\users\rodri\desktop\videojuegoentornos\videojuegoentornos\x64\debug\videojue.630fe7ad.tlog\link.command.1.tlog
c:\users\rodri\desktop\videojuegoentornos\videojuegoentornos\x64\debug\videojue.630fe7ad.tlog\link.read.1.tlog
c:\users\rodri\desktop\videojuegoentornos\videojuegoentornos\x64\debug\videojue.630fe7ad.tlog\link.read.2.tlog
c:\users\rodri\desktop\videojuegoentornos\videojuegoentornos\x64\debug\videojue.630fe7ad.tlog\link.read.3.tlog
c:\users\rodri\desktop\videojuegoentornos\videojuegoentornos\x64\debug\videojue.630fe7ad.tlog\link.read.4.tlog
c:\users\rodri\desktop\videojuegoentornos\videojuegoentornos\x64\debug\videojue.630fe7ad.tlog\link.read.5.tlog
c:\users\rodri\desktop\videojuegoentornos\videojuegoentornos\x64\debug\videojue.630fe7ad.tlog\link.secondary.1.tlog
c:\users\rodri\desktop\videojuegoentornos\videojuegoentornos\x64\debug\videojue.630fe7ad.tlog\link.write.1.tlog
